<?xml version="1.0" encoding="UTF-8"?>
<testng-results skipped="0" failed="0" ignored="0" total="1" passed="1">
  <reporter-output>
  </reporter-output>
  <suite name="Default suite" duration-ms="13287" started-at="2018-06-06T12:29:03Z" finished-at="2018-06-06T12:29:16Z">
    <groups>
    </groups>
    <test name="Default test" duration-ms="13287" started-at="2018-06-06T12:29:03Z" finished-at="2018-06-06T12:29:16Z">
      <class name="com.actiTime.customerTest.Customer1Test">
        <test-method status="PASS" signature="configBC()[pri:0, instance:com.actiTime.customerTest.Customer1Test@53b32d7]" name="configBC" is-config="true" duration-ms="8026" started-at="2018-06-06T12:29:03Z" finished-at="2018-06-06T12:29:11Z">
          <reporter-output>
          </reporter-output>
        </test-method> <!-- configBC -->
        <test-method status="PASS" signature="configLogin()[pri:0, instance:com.actiTime.customerTest.Customer1Test@53b32d7]" name="configLogin" is-config="true" duration-ms="559" started-at="2018-06-06T12:29:11Z" finished-at="2018-06-06T12:29:12Z">
          <reporter-output>
          </reporter-output>
        </test-method> <!-- configLogin -->
        <test-method status="PASS" signature="createCustomerTest()[pri:0, instance:com.actiTime.customerTest.Customer1Test@53b32d7]" name="createCustomerTest" duration-ms="4343" started-at="2018-06-06T12:29:12Z" finished-at="2018-06-06T12:29:16Z">
          <reporter-output>
          </reporter-output>
        </test-method> <!-- createCustomerTest -->
        <test-method status="PASS" signature="configLogout()[pri:0, instance:com.actiTime.customerTest.Customer1Test@53b32d7]" name="configLogout" is-config="true" duration-ms="315" started-at="2018-06-06T12:29:16Z" finished-at="2018-06-06T12:29:16Z">
          <reporter-output>
          </reporter-output>
        </test-method> <!-- configLogout -->
        <test-method status="PASS" signature="configAC()[pri:0, instance:com.actiTime.customerTest.Customer1Test@53b32d7]" name="configAC" is-config="true" duration-ms="15" started-at="2018-06-06T12:29:16Z" finished-at="2018-06-06T12:29:16Z">
          <reporter-output>
          </reporter-output>
        </test-method> <!-- configAC -->
      </class> <!-- com.actiTime.customerTest.Customer1Test -->
    </test> <!-- Default test -->
  </suite> <!-- Default suite -->
</testng-results>
